[32m2024-05-28 04:31:24 +0700[0m - dagster - [34mDEBUG[0m - __ASSET_JOB - 96a2d73a-8b5c-49b9-a8b1-d2f456e7e18e - 1921528 - LOGS_CAPTURED - Started capturing logs in process (pid: 1921528).
[32m2024-05-28 04:31:24 +0700[0m - dagster - [34mDEBUG[0m - __ASSET_JOB - 96a2d73a-8b5c-49b9-a8b1-d2f456e7e18e - 1921528 - silver__brazilian_ecommerce__dim_orders - STEP_START - Started execution of step "silver__brazilian_ecommerce__dim_orders".
[32m2024-05-28 04:31:24 +0700[0m - dagster - [34mINFO[0m - __ASSET_JOB - 96a2d73a-8b5c-49b9-a8b1-d2f456e7e18e - silver__brazilian_ecommerce__dim_orders - Loading data from Iceberg table: orders
[32m2024-05-28 04:31:24 +0700[0m - dagster - [34mDEBUG[0m - __ASSET_JOB - 96a2d73a-8b5c-49b9-a8b1-d2f456e7e18e - 1921528 - silver__brazilian_ecommerce__dim_orders - LOADED_INPUT - Loaded input "orders" using input manager "iceberg_io_manager"
[32m2024-05-28 04:31:24 +0700[0m - dagster - [34mDEBUG[0m - __ASSET_JOB - 96a2d73a-8b5c-49b9-a8b1-d2f456e7e18e - 1921528 - silver__brazilian_ecommerce__dim_orders - STEP_INPUT - Got input "orders" of type "Any". (Type check passed).
[32m2024-05-28 04:31:24 +0700[0m - dagster - [34mINFO[0m - __ASSET_JOB - 96a2d73a-8b5c-49b9-a8b1-d2f456e7e18e - silver__brazilian_ecommerce__dim_orders - Creating dim_orders table from iceberg.brazilian_ecommerce.orders
[32m2024-05-28 04:31:24 +0700[0m - dagster - [34mDEBUG[0m - __ASSET_JOB - 96a2d73a-8b5c-49b9-a8b1-d2f456e7e18e - 1921528 - silver__brazilian_ecommerce__dim_orders - STEP_OUTPUT - Yielded output "result" of type "Any". (Type check passed).
[32m2024-05-28 04:31:25 +0700[0m - dagster - [34mINFO[0m - __ASSET_JOB - 96a2d73a-8b5c-49b9-a8b1-d2f456e7e18e - silver__brazilian_ecommerce__dim_orders - DDL: CREATE TABLE iceberg.silver.dim_orders AS 
    SELECT 
        *
    FROM 
        iceberg.bronze.orders
    
[32m2024-05-28 04:31:26 +0700[0m - dagster - [34mINFO[0m - __ASSET_JOB - 96a2d73a-8b5c-49b9-a8b1-d2f456e7e18e - silver__brazilian_ecommerce__dim_orders - Table dim_orders created in Iceberg
[32m2024-05-28 04:31:26 +0700[0m - dagster - [34mINFO[0m - __ASSET_JOB - 96a2d73a-8b5c-49b9-a8b1-d2f456e7e18e - silver__brazilian_ecommerce__dim_orders - row_count: 99441
[32m2024-05-28 04:31:26 +0700[0m - dagster - [34mINFO[0m - __ASSET_JOB - 96a2d73a-8b5c-49b9-a8b1-d2f456e7e18e - silver__brazilian_ecommerce__dim_orders - Column: order_id, Type: varchar
[32m2024-05-28 04:31:26 +0700[0m - dagster - [34mINFO[0m - __ASSET_JOB - 96a2d73a-8b5c-49b9-a8b1-d2f456e7e18e - silver__brazilian_ecommerce__dim_orders - Column: customer_id, Type: varchar
[32m2024-05-28 04:31:26 +0700[0m - dagster - [34mINFO[0m - __ASSET_JOB - 96a2d73a-8b5c-49b9-a8b1-d2f456e7e18e - silver__brazilian_ecommerce__dim_orders - Column: order_status, Type: varchar
[32m2024-05-28 04:31:26 +0700[0m - dagster - [34mINFO[0m - __ASSET_JOB - 96a2d73a-8b5c-49b9-a8b1-d2f456e7e18e - silver__brazilian_ecommerce__dim_orders - Column: order_purchase_timestamp, Type: varchar
[32m2024-05-28 04:31:26 +0700[0m - dagster - [34mINFO[0m - __ASSET_JOB - 96a2d73a-8b5c-49b9-a8b1-d2f456e7e18e - silver__brazilian_ecommerce__dim_orders - Column: order_approved_at, Type: varchar
[32m2024-05-28 04:31:26 +0700[0m - dagster - [34mINFO[0m - __ASSET_JOB - 96a2d73a-8b5c-49b9-a8b1-d2f456e7e18e - silver__brazilian_ecommerce__dim_orders - Column: order_delivered_carrier_date, Type: varchar
[32m2024-05-28 04:31:26 +0700[0m - dagster - [34mINFO[0m - __ASSET_JOB - 96a2d73a-8b5c-49b9-a8b1-d2f456e7e18e - silver__brazilian_ecommerce__dim_orders - Column: order_delivered_customer_date, Type: varchar
[32m2024-05-28 04:31:26 +0700[0m - dagster - [34mINFO[0m - __ASSET_JOB - 96a2d73a-8b5c-49b9-a8b1-d2f456e7e18e - silver__brazilian_ecommerce__dim_orders - Column: order_estimated_delivery_date, Type: varchar
[32m2024-05-28 04:31:26 +0700[0m - dagster - [34mDEBUG[0m - __ASSET_JOB - 96a2d73a-8b5c-49b9-a8b1-d2f456e7e18e - 1921528 - silver__brazilian_ecommerce__dim_orders - ASSET_MATERIALIZATION - Materialized value silver brazilian_ecommerce dim_orders.
[32m2024-05-28 04:31:26 +0700[0m - dagster - [34mDEBUG[0m - __ASSET_JOB - 96a2d73a-8b5c-49b9-a8b1-d2f456e7e18e - 1921528 - silver__brazilian_ecommerce__dim_orders - HANDLED_OUTPUT - Handled output "result" using IO manager "iceberg_io_manager"
[32m2024-05-28 04:31:26 +0700[0m - dagster - [34mDEBUG[0m - __ASSET_JOB - 96a2d73a-8b5c-49b9-a8b1-d2f456e7e18e - 1921528 - silver__brazilian_ecommerce__dim_orders - STEP_SUCCESS - Finished execution of step "silver__brazilian_ecommerce__dim_orders" in 2.05s.
